<?xml version="1.0" encoding="UTF-8"?>
<testng-results ignored="0" total="1" passed="1" failed="0" skipped="0">
  <reporter-output>
    <line>
      <![CDATA[Open the browser chrome]]>
    </line>
    <line>
      <![CDATA[Enter the URL: https://demo.actitime.com/login.do]]>
    </line>
    <line>
      <![CDATA[Error Message is displayed]]>
    </line>
    <line>
      <![CDATA[Close the browser]]>
    </line>
  </reporter-output>
  <suite started-at="2023-03-08T14:00:40 IST" name="Default suite" finished-at="2023-03-08T14:00:51 IST" duration-ms="11689">
    <groups>
    </groups>
    <test started-at="2023-03-08T14:00:40 IST" name="Default test" finished-at="2023-03-08T14:00:51 IST" duration-ms="11689">
      <class name="scripts.InvalidActiTimeLogin">
        <test-method is-config="true" signature="openApp(java.lang.String,java.lang.String,java.lang.String)[pri:0, instance:scripts.InvalidActiTimeLogin@36bc55de]" started-at="2023-03-08T14:00:40 IST" name="openApp" finished-at="2023-03-08T14:00:48 IST" duration-ms="8734" status="PASS">
          <params>
            <param index="0">
              <value>
                <![CDATA[chrome]]>
              </value>
            </param>
            <param index="1">
              <value>
                <![CDATA[https://demo.actitime.com/login.do]]>
              </value>
            </param>
            <param index="2">
              <value>
                <![CDATA[10]]>
              </value>
            </param>
          </params>
          <reporter-output>
            <line>
              <![CDATA[Open the browser chrome]]>
            </line>
            <line>
              <![CDATA[Enter the URL: https://demo.actitime.com/login.do]]>
            </line>
          </reporter-output>
        </test-method> <!-- openApp -->
        <test-method signature="testInvalidLogin()[pri:2, instance:scripts.InvalidActiTimeLogin@36bc55de]" started-at="2023-03-08T14:00:48 IST" name="testInvalidLogin" finished-at="2023-03-08T14:00:51 IST" duration-ms="2505" status="PASS">
          <reporter-output>
            <line>
              <![CDATA[Error Message is displayed]]>
            </line>
          </reporter-output>
        </test-method> <!-- testInvalidLogin -->
        <test-method is-config="true" signature="closeApp()[pri:0, instance:scripts.InvalidActiTimeLogin@36bc55de]" started-at="2023-03-08T14:00:51 IST" name="closeApp" finished-at="2023-03-08T14:00:51 IST" duration-ms="390" status="PASS">
          <reporter-output>
            <line>
              <![CDATA[Close the browser]]>
            </line>
          </reporter-output>
        </test-method> <!-- closeApp -->
      </class> <!-- scripts.InvalidActiTimeLogin -->
    </test> <!-- Default test -->
  </suite> <!-- Default suite -->
</testng-results>
